mode: set
github.com/gdguesser/comment-service/internal/db/db.go:18.39,30.16 3 1
github.com/gdguesser/comment-service/internal/db/db.go:34.2,35.39 2 1
github.com/gdguesser/comment-service/internal/db/db.go:30.16,32.3 1 0
github.com/gdguesser/comment-service/internal/db/db.go:39.52,41.2 1 0
github.com/gdguesser/comment-service/internal/db/migrate.go:14.38,18.16 3 0
github.com/gdguesser/comment-service/internal/db/migrate.go:22.2,27.16 2 0
github.com/gdguesser/comment-service/internal/db/migrate.go:32.2,32.31 1 0
github.com/gdguesser/comment-service/internal/db/migrate.go:38.2,39.12 2 0
github.com/gdguesser/comment-service/internal/db/migrate.go:18.16,20.3 1 0
github.com/gdguesser/comment-service/internal/db/migrate.go:27.16,30.3 2 0
github.com/gdguesser/comment-service/internal/db/migrate.go:32.31,33.43 1 0
github.com/gdguesser/comment-service/internal/db/migrate.go:33.43,35.4 1 0
github.com/gdguesser/comment-service/internal/db/comment.go:19.63,26.2 1 1
github.com/gdguesser/comment-service/internal/db/comment.go:32.28,40.16 4 1
github.com/gdguesser/comment-service/internal/db/comment.go:44.2,44.48 1 1
github.com/gdguesser/comment-service/internal/db/comment.go:40.16,42.3 1 1
github.com/gdguesser/comment-service/internal/db/comment.go:48.99,64.16 4 1
github.com/gdguesser/comment-service/internal/db/comment.go:67.2,67.37 1 1
github.com/gdguesser/comment-service/internal/db/comment.go:71.2,71.17 1 1
github.com/gdguesser/comment-service/internal/db/comment.go:64.16,66.3 1 0
github.com/gdguesser/comment-service/internal/db/comment.go:67.37,69.3 1 0
github.com/gdguesser/comment-service/internal/db/comment.go:75.112,101.16 3 1
github.com/gdguesser/comment-service/internal/db/comment.go:105.2,105.37 1 1
github.com/gdguesser/comment-service/internal/db/comment.go:109.2,109.48 1 1
github.com/gdguesser/comment-service/internal/db/comment.go:101.16,103.3 1 0
github.com/gdguesser/comment-service/internal/db/comment.go:105.37,107.3 1 0
github.com/gdguesser/comment-service/internal/db/comment.go:113.72,119.16 2 1
github.com/gdguesser/comment-service/internal/db/comment.go:122.2,122.12 1 1
github.com/gdguesser/comment-service/internal/db/comment.go:119.16,121.3 1 0
